<?xml version="1.0" encoding="UTF-8"?>
<testng-results skipped="0" failed="0" total="1" passed="1">
  <reporter-output>
  </reporter-output>
  <suite name="Default suite" duration-ms="32" started-at="2019-09-04T14:23:59Z" finished-at="2019-09-04T14:23:59Z">
    <groups>
    </groups>
    <test name="Default test" duration-ms="32" started-at="2019-09-04T14:23:59Z" finished-at="2019-09-04T14:23:59Z">
      <class name="TEst_ng">
        <test-method status="PASS" signature="a()[pri:0, instance:TEst_ng@14acaea5]" name="a" duration-ms="15" started-at="2019-09-04T19:53:59Z" finished-at="2019-09-04T19:53:59Z">
          <reporter-output>
          </reporter-output>
        </test-method> <!-- a -->
      </class> <!-- TEst_ng -->
    </test> <!-- Default test -->
  </suite> <!-- Default suite -->
</testng-results>
